<?xml version="1.0" encoding="UTF-8"?>
<testsuite xmlns:xsi="http://www.w3.org/2001/XMLSchema-instance" xsi:noNamespaceSchemaLocation="https://maven.apache.org/surefire/maven-surefire-plugin/xsd/surefire-test-report.xsd" name="com.fifi.java.practise.clearview_interview.ClockeTest" time="0.049" tests="6" errors="0" skipped="0" failures="0">
  <properties>
    <property name="sun.desktop" value="windows"/>
    <property name="awt.toolkit" value="sun.awt.windows.WToolkit"/>
    <property name="file.encoding.pkg" value="sun.io"/>
    <property name="java.specification.version" value="1.8"/>
    <property name="sun.cpu.isalist" value="amd64"/>
    <property name="sun.jnu.encoding" value="MS950_HKSCS"/>
    <property name="java.class.path" value="C:\clearpoint-interview\target\test-classes;C:\clearpoint-interview\target\classes;C:\Users\Johnny Lai\.m2\repository\junit\junit\4.11\junit-4.11.jar;C:\Users\Johnny Lai\.m2\repository\org\hamcrest\hamcrest-core\1.3\hamcrest-core-1.3.jar;"/>
    <property name="java.vm.vendor" value="Oracle Corporation"/>
    <property name="sun.arch.data.model" value="64"/>
    <property name="user.variant" value=""/>
    <property name="java.vendor.url" value="http://java.oracle.com/"/>
    <property name="user.timezone" value="Pacific/Auckland"/>
    <property name="java.vm.specification.version" value="1.8"/>
    <property name="os.name" value="Windows 7"/>
    <property name="user.country" value="HK"/>
    <property name="sun.java.launcher" value="SUN_STANDARD"/>
    <property name="sun.boot.library.path" value="C:\Program Files\Java\jdk1.8.0_281\jre\bin"/>
    <property name="sun.java.command" value="C:\Users\JOHNNY~1\AppData\Local\Temp\surefire612839331031733955\surefirebooter7462177761085216760.jar C:\Users\Johnny Lai\AppData\Local\Temp\surefire612839331031733955 2022-02-27T00-26-31_609-jvmRun1 surefire400040524303284336tmp surefire_01462729609028081980tmp"/>
    <property name="surefire.test.class.path" value="C:\clearpoint-interview\target\test-classes;C:\clearpoint-interview\target\classes;C:\Users\Johnny Lai\.m2\repository\junit\junit\4.11\junit-4.11.jar;C:\Users\Johnny Lai\.m2\repository\org\hamcrest\hamcrest-core\1.3\hamcrest-core-1.3.jar;"/>
    <property name="sun.cpu.endian" value="little"/>
    <property name="user.home" value="C:\Users\Johnny Lai"/>
    <property name="user.language" value="zh"/>
    <property name="java.specification.vendor" value="Oracle Corporation"/>
    <property name="java.home" value="C:\Program Files\Java\jdk1.8.0_281\jre"/>
    <property name="basedir" value="C:\clearpoint-interview"/>
    <property name="file.separator" value="\"/>
    <property name="line.separator" value="&#10;"/>
    <property name="java.vm.specification.vendor" value="Oracle Corporation"/>
    <property name="java.specification.name" value="Java Platform API Specification"/>
    <property name="java.awt.graphicsenv" value="sun.awt.Win32GraphicsEnvironment"/>
    <property name="surefire.real.class.path" value="C:\Users\JOHNNY~1\AppData\Local\Temp\surefire612839331031733955\surefirebooter7462177761085216760.jar"/>
    <property name="sun.boot.class.path" value="C:\Program Files\Java\jdk1.8.0_281\jre\lib\resources.jar;C:\Program Files\Java\jdk1.8.0_281\jre\lib\rt.jar;C:\Program Files\Java\jdk1.8.0_281\jre\lib\sunrsasign.jar;C:\Program Files\Java\jdk1.8.0_281\jre\lib\jsse.jar;C:\Program Files\Java\jdk1.8.0_281\jre\lib\jce.jar;C:\Program Files\Java\jdk1.8.0_281\jre\lib\charsets.jar;C:\Program Files\Java\jdk1.8.0_281\jre\lib\jfr.jar;C:\Program Files\Java\jdk1.8.0_281\jre\classes"/>
    <property name="user.script" value=""/>
    <property name="sun.management.compiler" value="HotSpot 64-Bit Tiered Compilers"/>
    <property name="java.runtime.version" value="1.8.0_281-b09"/>
    <property name="user.name" value="Johnny Lai"/>
    <property name="path.separator" value=";"/>
    <property name="os.version" value="6.1"/>
    <property name="java.endorsed.dirs" value="C:\Program Files\Java\jdk1.8.0_281\jre\lib\endorsed"/>
    <property name="java.runtime.name" value="Java(TM) SE Runtime Environment"/>
    <property name="file.encoding" value="MS950_HKSCS"/>
    <property name="java.vm.name" value="Java HotSpot(TM) 64-Bit Server VM"/>
    <property name="localRepository" value="C:\Users\Johnny Lai\.m2\repository"/>
    <property name="java.vendor.url.bug" value="http://bugreport.sun.com/bugreport/"/>
    <property name="java.io.tmpdir" value="C:\Users\JOHNNY~1\AppData\Local\Temp\"/>
    <property name="java.version" value="1.8.0_281"/>
    <property name="user.dir" value="C:\clearpoint-interview"/>
    <property name="os.arch" value="amd64"/>
    <property name="java.vm.specification.name" value="Java Virtual Machine Specification"/>
    <property name="java.awt.printerjob" value="sun.awt.windows.WPrinterJob"/>
    <property name="sun.os.patch.level" value="Service Pack 1"/>
    <property name="java.library.path" value="C:\Program Files\Java\jdk1.8.0_281\jre\bin;C:\Windows\Sun\Java\bin;C:\Windows\system32;C:\Windows;C:\Program Files (x86)\Common Files\Oracle\Java\javapath;C:\Windows\system32;C:\Windows;C:\Windows\System32\Wbem;C:\Windows\System32\WindowsPowerShell\v1.0\;C:\Program Files\Java\jdk1.8.0_281\bin;C:\Program Files\Git\cmd;C:\apache-maven-3.6.3\bin;C:\node-v14.16.0-win-x64;C:\Users\Johnny Lai\Desktop\pgsql\pgAdmin 4\bin;;C:\Users\Johnny Lai\AppData\Local\Programs\Microsoft VS Code\bin;."/>
    <property name="java.vm.info" value="mixed mode"/>
    <property name="java.vendor" value="Oracle Corporation"/>
    <property name="java.vm.version" value="25.281-b09"/>
    <property name="java.ext.dirs" value="C:\Program Files\Java\jdk1.8.0_281\jre\lib\ext;C:\Windows\Sun\Java\lib\ext"/>
    <property name="sun.io.unicode.encoding" value="UnicodeLittle"/>
    <property name="java.class.version" value="52.0"/>
  </properties>
  <testcase name="testGetMinuteHandAngleCases" classname="com.fifi.java.practise.clearview_interview.ClockeTest" time="0"/>
  <testcase name="testGetHourHandAngleSimpleCases" classname="com.fifi.java.practise.clearview_interview.ClockeTest" time="0"/>
  <testcase name="testGetHourHandAngleComplexCases" classname="com.fifi.java.practise.clearview_interview.ClockeTest" time="0"/>
  <testcase name="testIntegrationResult" classname="com.fifi.java.practise.clearview_interview.ClockeTest" time="0"/>
  <testcase name="testFormattingResult" classname="com.fifi.java.practise.clearview_interview.ClockeTest" time="0"/>
  <testcase name="testCalcHourHandToMinHand" classname="com.fifi.java.practise.clearview_interview.ClockeTest" time="0"/>
</testsuite>